{
  "RSpec": {
    "coverage": {
      "/Users/andela/Desktop/mic/checkpoints/fly/advance/appifly/config/environment.rb": [
        null,
        1,
        null,
        null,
        1
      ],
      "/Users/andela/Desktop/mic/checkpoints/fly/advance/appifly/config/application.rb": [
        1,
        null,
        1,
        null,
        null,
        null,
        1,
        null,
        1,
        1,
        1,
        null,
        null
      ],
      "/Users/andela/Desktop/mic/checkpoints/fly/advance/appifly/config/boot.rb": [
        1,
        null,
        1
      ],
      "/Users/andela/Desktop/mic/checkpoints/fly/advance/appifly/config/environments/test.rb": [
        1,
        null,
        null,
        null,
        null,
        null,
        null,
        1,
        null,
        null,
        null,
        null,
        1,
        null,
        null,
        1,
        1,
        null,
        null,
        1,
        1,
        null,
        null,
        1,
        null,
        null,
        1,
        null,
        null,
        null,
        null,
        1,
        null,
        null,
        1,
        null,
        null,
        1,
        null,
        null,
        null,
        null
      ],
      "/Users/andela/Desktop/mic/checkpoints/fly/advance/appifly/config/initializers/assets.rb": [
        null,
        null,
        null,
        1,
        null,
        null,
        null
      ],
      "/Users/andela/Desktop/mic/checkpoints/fly/advance/appifly/config/initializers/backtrace_silencers.rb": [
        null,
        null,
        null,
        null,
        null,
        null,
        null
      ],
      "/Users/andela/Desktop/mic/checkpoints/fly/advance/appifly/config/initializers/cookies_serializer.rb": [
        null,
        null,
        1
      ],
      "/Users/andela/Desktop/mic/checkpoints/fly/advance/appifly/config/initializers/filter_parameter_logging.rb": [
        null,
        null,
        null,
        1
      ],
      "/Users/andela/Desktop/mic/checkpoints/fly/advance/appifly/config/initializers/inflections.rb": [
        null,
        null,
        null,
        null,
        null,
        null,
        null,
        null,
        null,
        null,
        null,
        null,
        null,
        null,
        null,
        null
      ],
      "/Users/andela/Desktop/mic/checkpoints/fly/advance/appifly/config/initializers/mime_types.rb": [
        null,
        null,
        null,
        null
      ],
      "/Users/andela/Desktop/mic/checkpoints/fly/advance/appifly/config/initializers/session_store.rb": [
        null,
        null,
        1
      ],
      "/Users/andela/Desktop/mic/checkpoints/fly/advance/appifly/config/initializers/wrap_parameters.rb": [
        null,
        null,
        null,
        null,
        null,
        null,
        1,
        1,
        null,
        null,
        null,
        null,
        null,
        null
      ],
      "/Users/andela/Desktop/mic/checkpoints/fly/advance/appifly/config/routes.rb": [
        1,
        1,
        1,
        1,
        1,
        1,
        1,
        1,
        1,
        1,
        1,
        1,
        null
      ],
      "/Users/andela/Desktop/mic/checkpoints/fly/advance/appifly/app/helpers/application_helper.rb": [
        1,
        null
      ],
      "/Users/andela/Desktop/mic/checkpoints/fly/advance/appifly/app/helpers/booking_helper.rb": [
        1,
        1,
        0,
        null,
        null,
        1,
        0,
        null,
        null,
        1,
        0,
        0,
        null,
        0,
        null,
        null,
        null,
        1,
        0,
        0,
        null,
        0,
        null,
        null,
        null,
        1,
        0,
        0,
        null,
        0,
        null,
        null,
        null
      ],
      "/Users/andela/Desktop/mic/checkpoints/fly/advance/appifly/app/helpers/flights_helper.rb": [
        1,
        1,
        0,
        0,
        null,
        0,
        null,
        null,
        null,
        1,
        0,
        0,
        0,
        0,
        null,
        0,
        null,
        null
      ],
      "/Users/andela/Desktop/mic/checkpoints/fly/advance/appifly/app/helpers/manage_booking_helper.rb": [
        1,
        null
      ],
      "/Users/andela/Desktop/mic/checkpoints/fly/advance/appifly/app/helpers/payments_helper.rb": [
        1,
        null
      ],
      "/Users/andela/Desktop/mic/checkpoints/fly/advance/appifly/app/helpers/sessions_helper.rb": [
        1,
        null
      ],
      "/Users/andela/Desktop/mic/checkpoints/fly/advance/appifly/app/helpers/user_helper.rb": [
        1,
        null
      ],
      "/Users/andela/Desktop/mic/checkpoints/fly/advance/appifly/app/helpers/welcome_helper.rb": [
        1,
        1,
        0,
        null,
        null,
        1,
        0,
        0,
        0,
        0,
        null,
        null,
        null,
        1,
        0,
        0,
        null,
        0,
        null,
        null,
        null,
        1,
        0,
        null,
        null,
        1,
        0,
        null,
        null,
        1,
        0,
        null,
        null
      ],
      "/Users/andela/Desktop/mic/checkpoints/fly/advance/appifly/app/controllers/bookings_controller.rb": [
        1,
        1,
        1,
        1,
        1,
        null,
        1,
        7,
        null,
        null,
        1,
        2,
        4,
        2,
        null,
        null,
        1,
        6,
        6,
        6,
        4,
        4,
        null,
        2,
        null,
        null,
        null,
        1,
        null,
        null,
        1,
        null,
        null,
        1,
        4,
        2,
        2,
        null,
        2,
        null,
        null,
        null,
        1,
        2,
        2,
        null,
        null,
        1,
        null,
        1,
        11,
        null,
        null,
        1,
        10,
        null,
        null,
        null,
        null,
        null,
        null,
        null,
        null,
        null,
        null,
        null,
        1,
        19,
        6,
        null,
        19,
        19,
        19,
        null,
        null,
        1,
        19,
        8,
        11,
        9,
        null,
        null,
        null,
        1,
        6,
        6,
        6,
        null,
        null,
        1,
        8,
        8,
        8,
        8,
        null,
        null
      ],
      "/Users/andela/Desktop/mic/checkpoints/fly/advance/appifly/app/controllers/application_controller.rb": [
        1,
        1,
        null,
        1,
        null,
        1,
        0,
        0,
        0,
        null,
        0,
        null,
        null,
        1,
        21,
        6,
        null,
        null,
        null,
        1,
        11,
        4,
        null,
        null,
        null,
        null
      ],
      "/Users/andela/Desktop/mic/checkpoints/fly/advance/appifly/app/models/flight.rb": [
        1,
        1,
        1,
        1,
        1,
        null,
        1,
        1,
        null,
        1,
        null,
        null,
        null,
        null,
        null,
        null,
        0,
        null,
        null,
        1,
        null,
        1,
        null,
        null,
        null,
        222,
        null,
        null,
        1,
        37,
        37,
        null,
        null,
        1,
        74,
        74,
        0,
        0,
        null,
        0,
        null,
        null,
        null,
        1,
        37,
        37,
        0,
        0,
        null,
        0,
        null,
        null,
        null,
        1,
        37,
        0,
        37,
        37,
        null,
        null,
        null,
        1,
        37,
        37,
        37,
        37,
        null,
        null
      ],
      "/Users/andela/Desktop/mic/checkpoints/fly/advance/appifly/app/models/airport.rb": [
        1,
        1,
        1,
        null,
        null,
        null,
        null,
        null,
        null
      ],
      "/Users/andela/Desktop/mic/checkpoints/fly/advance/appifly/app/models/booking.rb": [
        1,
        1,
        1,
        1,
        1,
        1,
        null,
        1,
        1,
        1,
        null,
        1,
        0,
        null,
        null,
        1,
        null,
        1,
        201,
        null,
        null,
        null,
        null,
        null,
        null,
        1,
        201,
        199,
        null,
        null,
        null,
        1,
        201,
        201,
        null,
        null
      ],
      "/Users/andela/Desktop/mic/checkpoints/fly/advance/appifly/app/models/passenger.rb": [
        1,
        1,
        1,
        null
      ],
      "/Users/andela/Desktop/mic/checkpoints/fly/advance/appifly/app/mailers/notifications.rb": [
        1,
        1,
        0,
        null,
        0,
        null,
        null,
        1,
        199,
        null,
        199,
        null,
        null,
        null
      ],
      "/Users/andela/Desktop/mic/checkpoints/fly/advance/appifly/app/mailers/application_mailer.rb": [
        1,
        1,
        1,
        null
      ]
    },
    "timestamp": 1476314103
  }
}
