{
  "RSpec": {
    "coverage": {
      "/Users/andela/Desktop/mic/checkpoints/fly/advance/appifly/config/environment.rb": [
        null,
        1,
        null,
        null,
        1
      ],
      "/Users/andela/Desktop/mic/checkpoints/fly/advance/appifly/config/application.rb": [
        1,
        null,
        1,
        null,
        null,
        null,
        1,
        null,
        1,
        1,
        1,
        null,
        null
      ],
      "/Users/andela/Desktop/mic/checkpoints/fly/advance/appifly/config/boot.rb": [
        1,
        null,
        1
      ],
      "/Users/andela/Desktop/mic/checkpoints/fly/advance/appifly/config/environments/test.rb": [
        1,
        null,
        null,
        null,
        null,
        null,
        null,
        1,
        null,
        null,
        null,
        null,
        1,
        null,
        null,
        1,
        1,
        null,
        null,
        1,
        1,
        null,
        null,
        1,
        null,
        null,
        1,
        null,
        null,
        null,
        null,
        1,
        null,
        null,
        1,
        null,
        null,
        1,
        null,
        null,
        null,
        null
      ],
      "/Users/andela/Desktop/mic/checkpoints/fly/advance/appifly/config/initializers/assets.rb": [
        null,
        null,
        null,
        1,
        null,
        null,
        null
      ],
      "/Users/andela/Desktop/mic/checkpoints/fly/advance/appifly/config/initializers/backtrace_silencers.rb": [
        null,
        null,
        null,
        null,
        null,
        null,
        null
      ],
      "/Users/andela/Desktop/mic/checkpoints/fly/advance/appifly/config/initializers/cookies_serializer.rb": [
        null,
        null,
        1
      ],
      "/Users/andela/Desktop/mic/checkpoints/fly/advance/appifly/config/initializers/filter_parameter_logging.rb": [
        null,
        null,
        null,
        1
      ],
      "/Users/andela/Desktop/mic/checkpoints/fly/advance/appifly/config/initializers/inflections.rb": [
        null,
        null,
        null,
        null,
        null,
        null,
        null,
        null,
        null,
        null,
        null,
        null,
        null,
        null,
        null,
        null
      ],
      "/Users/andela/Desktop/mic/checkpoints/fly/advance/appifly/config/initializers/mime_types.rb": [
        null,
        null,
        null,
        null
      ],
      "/Users/andela/Desktop/mic/checkpoints/fly/advance/appifly/config/initializers/session_store.rb": [
        null,
        null,
        1
      ],
      "/Users/andela/Desktop/mic/checkpoints/fly/advance/appifly/config/initializers/wrap_parameters.rb": [
        null,
        null,
        null,
        null,
        null,
        null,
        1,
        1,
        null,
        null,
        null,
        null,
        null,
        null
      ],
      "/Users/andela/Desktop/mic/checkpoints/fly/advance/appifly/config/routes.rb": [
        1,
        1,
        1,
        1,
        1,
        1,
        1,
        1,
        1,
        1,
        1,
        1,
        null
      ],
      "/Users/andela/Desktop/mic/checkpoints/fly/advance/appifly/app/helpers/application_helper.rb": [
        1,
        null
      ],
      "/Users/andela/Desktop/mic/checkpoints/fly/advance/appifly/app/helpers/booking_helper.rb": [
        1,
        1,
        2,
        null,
        null,
        1,
        25,
        null,
        null,
        1,
        25,
        null,
        null,
        1,
        25,
        24,
        null,
        1,
        null,
        null,
        null,
        1,
        26,
        23,
        null,
        3,
        null,
        null,
        null,
        1,
        26,
        23,
        null,
        3,
        null,
        null,
        null
      ],
      "/Users/andela/Desktop/mic/checkpoints/fly/advance/appifly/app/helpers/flights_helper.rb": [
        1,
        1,
        31,
        30,
        null,
        1,
        null,
        null,
        null,
        1,
        11,
        11,
        10,
        10,
        null,
        11,
        null,
        null
      ],
      "/Users/andela/Desktop/mic/checkpoints/fly/advance/appifly/app/helpers/manage_booking_helper.rb": [
        1,
        null
      ],
      "/Users/andela/Desktop/mic/checkpoints/fly/advance/appifly/app/helpers/payments_helper.rb": [
        1,
        null
      ],
      "/Users/andela/Desktop/mic/checkpoints/fly/advance/appifly/app/helpers/sessions_helper.rb": [
        1,
        null
      ],
      "/Users/andela/Desktop/mic/checkpoints/fly/advance/appifly/app/helpers/user_helper.rb": [
        1,
        null
      ],
      "/Users/andela/Desktop/mic/checkpoints/fly/advance/appifly/app/helpers/welcome_helper.rb": [
        1,
        1,
        276,
        null,
        null,
        1,
        93,
        1,
        92,
        38,
        null,
        null,
        null,
        1,
        134,
        133,
        null,
        1,
        null,
        null,
        null,
        1,
        91,
        null,
        null,
        1,
        90,
        null,
        null,
        1,
        45,
        null,
        null
      ],
      "/Users/andela/Desktop/mic/checkpoints/fly/advance/appifly/app/controllers/airports_controller.rb": [
        1,
        1,
        1,
        null,
        1,
        14,
        null,
        null,
        1,
        4,
        null,
        null,
        1,
        7,
        7,
        5,
        null,
        2,
        null,
        null,
        null,
        1,
        null,
        null,
        1,
        null,
        null,
        1,
        5,
        3,
        null,
        2,
        null,
        null,
        null,
        1,
        3,
        3,
        null,
        null,
        1,
        null,
        1,
        16,
        null,
        null,
        1,
        12,
        null,
        null,
        null,
        null,
        null,
        null,
        null
      ],
      "/Users/andela/Desktop/mic/checkpoints/fly/advance/appifly/app/controllers/application_controller.rb": [
        1,
        1,
        null,
        1,
        null,
        1,
        110,
        110,
        328,
        null,
        110,
        null,
        null,
        1,
        149,
        21,
        null,
        null,
        null,
        1,
        142,
        61,
        null,
        null,
        null,
        null
      ],
      "/Users/andela/Desktop/mic/checkpoints/fly/advance/appifly/app/controllers/bookings_controller.rb": [
        1,
        1,
        1,
        1,
        1,
        null,
        1,
        4,
        null,
        null,
        1,
        24,
        48,
        24,
        null,
        null,
        1,
        26,
        26,
        26,
        24,
        24,
        null,
        2,
        null,
        null,
        null,
        1,
        null,
        null,
        1,
        null,
        null,
        1,
        5,
        3,
        3,
        null,
        2,
        null,
        null,
        null,
        1,
        4,
        4,
        null,
        null,
        1,
        null,
        1,
        39,
        null,
        null,
        1,
        31,
        null,
        null,
        null,
        null,
        null,
        null,
        null,
        null,
        null,
        null,
        null,
        1,
        87,
        28,
        null,
        87,
        87,
        87,
        null,
        null,
        1,
        87,
        50,
        37,
        35,
        null,
        null,
        null,
        1,
        26,
        26,
        26,
        null,
        null,
        1,
        29,
        29,
        29,
        29,
        null,
        null
      ],
      "/Users/andela/Desktop/mic/checkpoints/fly/advance/appifly/app/controllers/flights_controller.rb": [
        1,
        1,
        1,
        1,
        1,
        null,
        1,
        17,
        null,
        null,
        1,
        null,
        null,
        1,
        4,
        null,
        null,
        1,
        null,
        null,
        1,
        7,
        7,
        5,
        null,
        2,
        null,
        null,
        null,
        1,
        6,
        4,
        null,
        2,
        null,
        null,
        null,
        1,
        3,
        3,
        null,
        null,
        null,
        1,
        null,
        1,
        21,
        null,
        null,
        1,
        13,
        null,
        null,
        null,
        null,
        null,
        null,
        null,
        null,
        null,
        null
      ],
      "/Users/andela/Desktop/mic/checkpoints/fly/advance/appifly/app/controllers/manage_booking_controller.rb": [
        1,
        1,
        1,
        38,
        38,
        null,
        null,
        1,
        16,
        16,
        5,
        null,
        11,
        null,
        null,
        null
      ],
      "/Users/andela/Desktop/mic/checkpoints/fly/advance/appifly/app/controllers/sessions_controller.rb": [
        1,
        1,
        null,
        null,
        1,
        44,
        44,
        null,
        null,
        1,
        3,
        3,
        3,
        3,
        null,
        null,
        1,
        null,
        1,
        206,
        206,
        null,
        null,
        null,
        1,
        44,
        37,
        37,
        null,
        7,
        null,
        null,
        null,
        1,
        81,
        null,
        null,
        1,
        37,
        37,
        37,
        null,
        null
      ],
      "/Users/andela/Desktop/mic/checkpoints/fly/advance/appifly/app/controllers/users_controller.rb": [
        1,
        1,
        1,
        1,
        null,
        1,
        8,
        null,
        null,
        1,
        18,
        null,
        null,
        1,
        23,
        23,
        21,
        21,
        null,
        2,
        null,
        null,
        null,
        1,
        null,
        null,
        1,
        null,
        null,
        1,
        5,
        3,
        null,
        2,
        null,
        null,
        null,
        1,
        2,
        2,
        null,
        null,
        1,
        null,
        1,
        16,
        null,
        null,
        1,
        28,
        null,
        null,
        null,
        null,
        null,
        null,
        null,
        null,
        null,
        1,
        21,
        null,
        null
      ],
      "/Users/andela/Desktop/mic/checkpoints/fly/advance/appifly/app/controllers/welcome_controller.rb": [
        1,
        1,
        100,
        100,
        46,
        null,
        null,
        null,
        null,
        46,
        null,
        null,
        null,
        46,
        null,
        null,
        null,
        1,
        null,
        null,
        1,
        null,
        1,
        230,
        null,
        null,
        null,
        null,
        null,
        null,
        null
      ],
      "/Users/andela/Desktop/mic/checkpoints/fly/advance/appifly/app/models/airport.rb": [
        1,
        1,
        1,
        null,
        null,
        null,
        null,
        null,
        null
      ],
      "/Users/andela/Desktop/mic/checkpoints/fly/advance/appifly/app/models/booking.rb": [
        1,
        1,
        1,
        1,
        1,
        1,
        null,
        1,
        1,
        1,
        null,
        1,
        39,
        null,
        null,
        1,
        null,
        1,
        69,
        null,
        null,
        null,
        null,
        null,
        null,
        1,
        69,
        67,
        null,
        null,
        null,
        1,
        69,
        69,
        null,
        null
      ],
      "/Users/andela/Desktop/mic/checkpoints/fly/advance/appifly/app/models/flight.rb": [
        1,
        1,
        1,
        1,
        1,
        null,
        48,
        18,
        null,
        1,
        null,
        null,
        null,
        null,
        null,
        null,
        47,
        null,
        null,
        1,
        null,
        1,
        null,
        null,
        null,
        2678,
        null,
        null,
        1,
        401,
        401,
        null,
        null,
        1,
        830,
        722,
        108,
        18,
        null,
        90,
        null,
        null,
        null,
        1,
        393,
        357,
        36,
        6,
        null,
        30,
        null,
        null,
        null,
        1,
        401,
        31,
        370,
        362,
        null,
        null,
        null,
        1,
        401,
        401,
        401,
        401,
        null,
        null
      ],
      "/Users/andela/Desktop/mic/checkpoints/fly/advance/appifly/app/models/passenger.rb": [
        1,
        1,
        1,
        null
      ],
      "/Users/andela/Desktop/mic/checkpoints/fly/advance/appifly/app/models/user.rb": [
        1,
        1,
        1,
        1,
        null
      ],
      "/Users/andela/Desktop/mic/checkpoints/fly/advance/appifly/app/mailers/notifications.rb": [
        1,
        1,
        21,
        null,
        21,
        null,
        null,
        1,
        67,
        null,
        67,
        null,
        null,
        null
      ],
      "/Users/andela/Desktop/mic/checkpoints/fly/advance/appifly/app/mailers/application_mailer.rb": [
        1,
        1,
        1,
        null
      ],
      "/Users/andela/Desktop/mic/checkpoints/fly/advance/appifly/app/models/payment.rb": [
        1,
        1,
        null
      ]
    },
    "timestamp": 1476634230
  }
}
